{"/Users/furkancakmak/Desktop/projects/1030520750_BS436_WebProgramlama/odev04/src/Game.jsx": {"path":"/Users/furkancakmak/Desktop/projects/1030520750_BS436_WebProgramlama/odev04/src/Game.jsx","statementMap":{"0":{"start":{"line":2,"column":12},"end":{"line":2,"column":43}},"1":{"start":{"line":3,"column":12},"end":{"line":3,"column":43}},"2":{"start":{"line":4,"column":13},"end":{"line":4,"column":45}},"3":{"start":{"line":7,"column":17},"end":{"line":7,"column":19}},"4":{"start":{"line":8,"column":4},"end":{"line":8,"column":81}},"5":{"start":{"line":8,"column":36},"end":{"line":8,"column":77}},"6":{"start":{"line":9,"column":4},"end":{"line":9,"column":18}},"7":{"start":{"line":12,"column":15},"end":{"line":12,"column":83}},"8":{"start":{"line":16,"column":8},"end":{"line":16,"column":21}},"9":{"start":{"line":17,"column":8},"end":{"line":23,"column":9}},"10":{"start":{"line":28,"column":8},"end":{"line":28,"column":25}},"11":{"start":{"line":31,"column":19},"end":{"line":37,"column":5}},"12":{"start":{"line":32,"column":8},"end":{"line":35,"column":9}},"13":{"start":{"line":32,"column":21},"end":{"line":32,"column":37}},"14":{"start":{"line":33,"column":22},"end":{"line":33,"column":57}},"15":{"start":{"line":34,"column":12},"end":{"line":34,"column":56}},"16":{"start":{"line":36,"column":8},"end":{"line":36,"column":22}},"17":{"start":{"line":39,"column":19},"end":{"line":45,"column":5}},"18":{"start":{"line":40,"column":25},"end":{"line":40,"column":46}},"19":{"start":{"line":41,"column":8},"end":{"line":41,"column":34}},"20":{"start":{"line":42,"column":8},"end":{"line":44,"column":10}},"21":{"start":{"line":47,"column":19},"end":{"line":51,"column":5}},"22":{"start":{"line":48,"column":8},"end":{"line":50,"column":10}},"23":{"start":{"line":53,"column":23},"end":{"line":57,"column":5}},"24":{"start":{"line":54,"column":8},"end":{"line":56,"column":10}},"25":{"start":{"line":59,"column":20},"end":{"line":63,"column":5}},"26":{"start":{"line":60,"column":8},"end":{"line":62,"column":10}},"27":{"start":{"line":65,"column":18},"end":{"line":69,"column":5}},"28":{"start":{"line":66,"column":8},"end":{"line":68,"column":10}},"29":{"start":{"line":70,"column":17},"end":{"line":82,"column":5}},"30":{"start":{"line":71,"column":8},"end":{"line":81,"column":9}},"31":{"start":{"line":72,"column":12},"end":{"line":72,"column":52}},"32":{"start":{"line":73,"column":12},"end":{"line":73,"column":46}},"33":{"start":{"line":74,"column":12},"end":{"line":80,"column":13}},"34":{"start":{"line":75,"column":16},"end":{"line":75,"column":164}},"35":{"start":{"line":76,"column":16},"end":{"line":76,"column":45}},"36":{"start":{"line":77,"column":18},"end":{"line":80,"column":13}},"37":{"start":{"line":78,"column":16},"end":{"line":78,"column":160}},"38":{"start":{"line":79,"column":16},"end":{"line":79,"column":45}},"39":{"start":{"line":84,"column":16},"end":{"line":92,"column":5}},"40":{"start":{"line":85,"column":8},"end":{"line":85,"column":29}},"41":{"start":{"line":86,"column":8},"end":{"line":86,"column":28}},"42":{"start":{"line":87,"column":8},"end":{"line":89,"column":9}},"43":{"start":{"line":87,"column":21},"end":{"line":87,"column":22}},"44":{"start":{"line":88,"column":12},"end":{"line":88,"column":41}},"45":{"start":{"line":90,"column":8},"end":{"line":90,"column":99}},"46":{"start":{"line":91,"column":8},"end":{"line":91,"column":36}},"47":{"start":{"line":94,"column":37},"end":{"line":94,"column":47}},"48":{"start":{"line":95,"column":8},"end":{"line":107,"column":10}},"49":{"start":{"line":99,"column":106},"end":{"line":99,"column":124}},"50":{"start":{"line":100,"column":106},"end":{"line":100,"column":124}},"51":{"start":{"line":101,"column":106},"end":{"line":101,"column":124}},"52":{"start":{"line":112,"column":17},"end":{"line":116,"column":1}}},"fnMap":{"0":{"name":"importAll","decl":{"start":{"line":6,"column":9},"end":{"line":6,"column":18}},"loc":{"start":{"line":6,"column":22},"end":{"line":10,"column":1}},"line":6},"1":{"name":"(anonymous_1)","decl":{"start":{"line":8,"column":17},"end":{"line":8,"column":18}},"loc":{"start":{"line":8,"column":34},"end":{"line":8,"column":79}},"line":8},"2":{"name":"(anonymous_2)","decl":{"start":{"line":15,"column":4},"end":{"line":15,"column":5}},"loc":{"start":{"line":15,"column":23},"end":{"line":24,"column":5}},"line":15},"3":{"name":"(anonymous_3)","decl":{"start":{"line":27,"column":4},"end":{"line":27,"column":5}},"loc":{"start":{"line":27,"column":23},"end":{"line":29,"column":5}},"line":27},"4":{"name":"(anonymous_4)","decl":{"start":{"line":31,"column":19},"end":{"line":31,"column":20}},"loc":{"start":{"line":31,"column":30},"end":{"line":37,"column":5}},"line":31},"5":{"name":"(anonymous_5)","decl":{"start":{"line":39,"column":19},"end":{"line":39,"column":20}},"loc":{"start":{"line":39,"column":37},"end":{"line":45,"column":5}},"line":39},"6":{"name":"(anonymous_6)","decl":{"start":{"line":47,"column":19},"end":{"line":47,"column":20}},"loc":{"start":{"line":47,"column":30},"end":{"line":51,"column":5}},"line":47},"7":{"name":"(anonymous_7)","decl":{"start":{"line":53,"column":23},"end":{"line":53,"column":24}},"loc":{"start":{"line":53,"column":34},"end":{"line":57,"column":5}},"line":53},"8":{"name":"(anonymous_8)","decl":{"start":{"line":59,"column":20},"end":{"line":59,"column":21}},"loc":{"start":{"line":59,"column":26},"end":{"line":63,"column":5}},"line":59},"9":{"name":"(anonymous_9)","decl":{"start":{"line":65,"column":18},"end":{"line":65,"column":19}},"loc":{"start":{"line":65,"column":27},"end":{"line":69,"column":5}},"line":65},"10":{"name":"(anonymous_10)","decl":{"start":{"line":70,"column":17},"end":{"line":70,"column":18}},"loc":{"start":{"line":70,"column":28},"end":{"line":82,"column":5}},"line":70},"11":{"name":"(anonymous_11)","decl":{"start":{"line":84,"column":16},"end":{"line":84,"column":17}},"loc":{"start":{"line":84,"column":22},"end":{"line":92,"column":5}},"line":84},"12":{"name":"(anonymous_12)","decl":{"start":{"line":93,"column":4},"end":{"line":93,"column":5}},"loc":{"start":{"line":93,"column":13},"end":{"line":108,"column":5}},"line":93},"13":{"name":"(anonymous_13)","decl":{"start":{"line":99,"column":101},"end":{"line":99,"column":102}},"loc":{"start":{"line":99,"column":105},"end":{"line":99,"column":125}},"line":99},"14":{"name":"(anonymous_14)","decl":{"start":{"line":100,"column":101},"end":{"line":100,"column":102}},"loc":{"start":{"line":100,"column":105},"end":{"line":100,"column":125}},"line":100},"15":{"name":"(anonymous_15)","decl":{"start":{"line":101,"column":101},"end":{"line":101,"column":102}},"loc":{"start":{"line":101,"column":105},"end":{"line":101,"column":125}},"line":101}},"branchMap":{"0":{"loc":{"start":{"line":71,"column":8},"end":{"line":81,"column":9}},"type":"if","locations":[{"start":{"line":71,"column":8},"end":{"line":81,"column":9}},{"start":{"line":71,"column":8},"end":{"line":81,"column":9}}],"line":71},"1":{"loc":{"start":{"line":71,"column":11},"end":{"line":71,"column":77}},"type":"binary-expr","locations":[{"start":{"line":71,"column":11},"end":{"line":71,"column":35}},{"start":{"line":71,"column":39},"end":{"line":71,"column":77}}],"line":71},"2":{"loc":{"start":{"line":74,"column":12},"end":{"line":80,"column":13}},"type":"if","locations":[{"start":{"line":74,"column":12},"end":{"line":80,"column":13}},{"start":{"line":74,"column":12},"end":{"line":80,"column":13}}],"line":74},"3":{"loc":{"start":{"line":77,"column":18},"end":{"line":80,"column":13}},"type":"if","locations":[{"start":{"line":77,"column":18},"end":{"line":80,"column":13}},{"start":{"line":77,"column":18},"end":{"line":80,"column":13}}],"line":77},"4":{"loc":{"start":{"line":99,"column":47},"end":{"line":99,"column":90}},"type":"cond-expr","locations":[{"start":{"line":99,"column":74},"end":{"line":99,"column":78}},{"start":{"line":99,"column":81},"end":{"line":99,"column":90}}],"line":99},"5":{"loc":{"start":{"line":100,"column":47},"end":{"line":100,"column":90}},"type":"cond-expr","locations":[{"start":{"line":100,"column":74},"end":{"line":100,"column":78}},{"start":{"line":100,"column":81},"end":{"line":100,"column":90}}],"line":100},"6":{"loc":{"start":{"line":101,"column":47},"end":{"line":101,"column":90}},"type":"cond-expr","locations":[{"start":{"line":101,"column":74},"end":{"line":101,"column":78}},{"start":{"line":101,"column":81},"end":{"line":101,"column":90}}],"line":101}},"s":{"0":1,"1":1,"2":1,"3":1,"4":1,"5":0,"6":1,"7":1,"8":2,"9":2,"10":2,"11":2,"12":2,"13":2,"14":4,"15":4,"16":2,"17":2,"18":8,"19":8,"20":8,"21":2,"22":4,"23":2,"24":4,"25":2,"26":2,"27":2,"28":4,"29":2,"30":3,"31":2,"32":2,"33":2,"34":1,"35":1,"36":1,"37":1,"38":1,"39":2,"40":2,"41":2,"42":2,"43":2,"44":6,"45":2,"46":2,"47":24,"48":24,"49":1,"50":1,"51":1,"52":1},"f":{"0":1,"1":0,"2":2,"3":2,"4":2,"5":8,"6":4,"7":4,"8":2,"9":4,"10":3,"11":2,"12":24,"13":1,"14":1,"15":1},"b":{"0":[2,1],"1":[3,2],"2":[1,1],"3":[1,0],"4":[21,3],"5":[24,0],"6":[21,3]},"_coverageSchema":"1a1c01bbd47fc00a2c39e90264f33305004495a9","hash":"19080533c7f1d2a66aad2adae9aa5e94e6659313"}
,"/Users/furkancakmak/Desktop/projects/1030520750_BS436_WebProgramlama/odev04/src/index.jsx": {"path":"/Users/furkancakmak/Desktop/projects/1030520750_BS436_WebProgramlama/odev04/src/index.jsx","statementMap":{"0":{"start":{"line":7,"column":8},"end":{"line":9,"column":9}},"1":{"start":{"line":13,"column":0},"end":{"line":13,"column":57}}},"fnMap":{"0":{"name":"(anonymous_0)","decl":{"start":{"line":6,"column":4},"end":{"line":6,"column":5}},"loc":{"start":{"line":6,"column":12},"end":{"line":10,"column":5}},"line":6}},"branchMap":{},"s":{"0":0,"1":0},"f":{"0":0},"b":{}}
}
