TN:
SF:src/Game.jsx
FN:6,importAll
FN:8,(anonymous_1)
FN:15,(anonymous_2)
FN:27,(anonymous_3)
FN:31,(anonymous_4)
FN:39,(anonymous_5)
FN:47,(anonymous_6)
FN:53,(anonymous_7)
FN:59,(anonymous_8)
FN:65,(anonymous_9)
FN:70,(anonymous_10)
FN:84,(anonymous_11)
FN:93,(anonymous_12)
FN:99,(anonymous_13)
FN:100,(anonymous_14)
FN:101,(anonymous_15)
FNF:16
FNH:15
FNDA:1,importAll
FNDA:0,(anonymous_1)
FNDA:2,(anonymous_2)
FNDA:2,(anonymous_3)
FNDA:2,(anonymous_4)
FNDA:8,(anonymous_5)
FNDA:4,(anonymous_6)
FNDA:4,(anonymous_7)
FNDA:2,(anonymous_8)
FNDA:4,(anonymous_9)
FNDA:3,(anonymous_10)
FNDA:2,(anonymous_11)
FNDA:24,(anonymous_12)
FNDA:1,(anonymous_13)
FNDA:1,(anonymous_14)
FNDA:1,(anonymous_15)
DA:2,1
DA:3,1
DA:4,1
DA:7,1
DA:8,1
DA:9,1
DA:12,1
DA:16,2
DA:17,2
DA:28,2
DA:31,2
DA:32,2
DA:33,4
DA:34,4
DA:36,2
DA:39,2
DA:40,8
DA:41,8
DA:42,8
DA:47,2
DA:48,4
DA:53,2
DA:54,4
DA:59,2
DA:60,2
DA:65,2
DA:66,4
DA:70,2
DA:71,3
DA:72,2
DA:73,2
DA:74,2
DA:75,1
DA:76,1
DA:77,1
DA:78,1
DA:79,1
DA:84,2
DA:85,2
DA:86,2
DA:87,2
DA:88,6
DA:90,2
DA:91,2
DA:94,24
DA:95,24
DA:99,1
DA:100,1
DA:101,1
DA:112,1
LF:50
LH:50
BRDA:71,0,0,2
BRDA:71,0,1,1
BRDA:71,1,0,3
BRDA:71,1,1,2
BRDA:74,2,0,1
BRDA:74,2,1,1
BRDA:77,3,0,1
BRDA:77,3,1,0
BRDA:99,4,0,21
BRDA:99,4,1,3
BRDA:100,5,0,24
BRDA:100,5,1,0
BRDA:101,6,0,21
BRDA:101,6,1,3
BRF:14
BRH:12
end_of_record
TN:
SF:src/index.jsx
FN:6,(anonymous_0)
FNF:1
FNH:0
FNDA:0,(anonymous_0)
DA:7,0
DA:13,0
LF:2
LH:0
BRF:0
BRH:0
end_of_record
